<?xml version="1.0" encoding="UTF-8"?>
<testsuite xmlns:xsi="http://www.w3.org/2001/XMLSchema-instance" xsi:noNamespaceSchemaLocation="https://maven.apache.org/surefire/maven-surefire-plugin/xsd/surefire-test-report.xsd" name="it.its.nttdata.demo.test.FirstJunitTest" time="14.618" tests="6" errors="0" skipped="1" failures="0">
  <properties>
[...]
</properties>
  <testcase name="shouldDeleteKnifeTest" classname="it.its.nttdata.demo.test.FirstJunitTest" time="1.275"/>
  <testcase name="shouldPutKnifeTest" classname="it.its.nttdata.demo.test.FirstJunitTest" time="0.489"/>
  <testcase name="shouldGetKnifeByStatusTest" classname="it.its.nttdata.demo.test.FirstJunitTest" time="0.334"/>
  <testcase name="shouldPostKnife" classname="it.its.nttdata.demo.test.FirstJunitTest" time="0.119"/>
  <testcase name="shouldPostKnifeException" classname="it.its.nttdata.demo.test.FirstJunitTest" time="0">
    <skipped message="public void it.its.nttdata.demo.test.FirstJunitTest.shouldPostKnifeException() throws java.lang.Exception is @Disabled"/>
  </testcase>
  <testcase name="shouldGetKnifeTest" classname="it.its.nttdata.demo.test.FirstJunitTest" time="0.071"/>
</testsuite>